# JRE version: OpenJDK Runtime Environment Corretto-17.0.10.7.1 (17.0.10+7) (build 17.0.10+7-LTS)
# Java VM: OpenJDK 64-Bit Server VM Corretto-17.0.10.7.1 (17.0.10+7-LTS, mixed mode, sharing, tiered, compressed oops, compressed class ptrs, g1 gc, windows-amd64)
GC Precious Log:
 CPUs: 8 total, 8 available
 Memory: 16247M
 Large Page Support: Disabled
 NUMA Support: Disabled
 Compressed Oops: Enabled (Zero based)
 Heap Region Size: 2M
 Heap Min Capacity: 8M
 Heap Initial Capacity: 254M
 Heap Max Capacity: 4062M
 Pre-touch: Disabled
 Parallel Workers: 8
 Concurrent Workers: 2
 Concurrent Refinement Workers: 8
 Periodic GC: Disabled
Heap:
 garbage-first heap   total 61440K, used 30307K [0x0000000702200000, 0x0000000800000000)
  region size 2048K, 13 young (26624K), 4 survivors (8192K)
 Metaspace       used 24455K, committed 24768K, reserved 1114112K
  class space    used 3119K, committed 3264K, reserved 1048576K
GC Heap History (6 events):
Event: 2.616 GC heap before
{Heap before GC invocations=0 (full 0):
 garbage-first heap   total 260096K, used 20480K [0x0000000702200000, 0x0000000800000000)
  region size 2048K, 11 young (22528K), 0 survivors (0K)
 Metaspace       used 5514K, committed 5696K, reserved 1114112K
  class space    used 647K, committed 768K, reserved 1048576K
}
Event: 3.341 GC heap after
{Heap after GC invocations=1 (full 0):
 garbage-first heap   total 260096K, used 6412K [0x0000000702200000, 0x0000000800000000)
  region size 2048K, 2 young (4096K), 2 survivors (4096K)
 Metaspace       used 5514K, committed 5696K, reserved 1114112K
  class space    used 647K, committed 768K, reserved 1048576K
}
Event: 5.579 GC heap before
{Heap before GC invocations=1 (full 0):
 garbage-first heap   total 260096K, used 28940K [0x0000000702200000, 0x0000000800000000)
  region size 2048K, 14 young (28672K), 2 survivors (4096K)
 Metaspace       used 11176K, committed 11392K, reserved 1114112K
  class space    used 1363K, committed 1472K, reserved 1048576K
}
Event: 5.588 GC heap after
{Heap after GC invocations=2 (full 0):
 garbage-first heap   total 260096K, used 8853K [0x0000000702200000, 0x0000000800000000)
  region size 2048K, 1 young (2048K), 1 survivors (2048K)
 Metaspace       used 11176K, committed 11392K, reserved 1114112K
  class space    used 1363K, committed 1472K, reserved 1048576K
}
Event: 12.416 GC heap before
{Heap before GC invocations=2 (full 0):
 garbage-first heap   total 260096K, used 74389K [0x0000000702200000, 0x0000000800000000)
  region size 2048K, 34 young (69632K), 1 survivors (2048K)
 Metaspace       used 21206K, committed 21504K, reserved 1114112K
  class space    used 2642K, committed 2816K, reserved 1048576K
}
Event: 12.423 GC heap after
{Heap after GC invocations=3 (full 0):
 garbage-first heap   total 260096K, used 13923K [0x0000000702200000, 0x0000000800000000)
  region size 2048K, 4 young (8192K), 4 survivors (8192K)
 Metaspace       used 21206K, committed 21504K, reserved 1114112K
  class space    used 2642K, committed 2816K, reserved 1048576K
}

